This is pdfTeX, Version 3.141592653-2.6-1.40.24 (TeX Live 2022) (preloaded format=pdflatex 2022.9.12)  11 OCT 2025 20:02
entering extended mode
 restricted \write18 enabled.
 %&-line parsing enabled.
**main.tex
(./main.tex
LaTeX2e <2022-06-01> patch level 5
L3 programming layer <2022-08-30> (./cas-sc.cls
Document Class: cas-sc 2021/05/11, 2.3: Formatting class for CAS single column 
articles
\c@blind=\count185
\@bls=\dimen138
(c:/texlive/2022/texmf-dist/tex/latex/base/article.cls
Document Class: article 2021/10/04 v1.4n Standard LaTeX document class
(c:/texlive/2022/texmf-dist/tex/latex/base/size10.clo
File: size10.clo 2021/10/04 v1.4n Standard LaTeX file (size option)
)
\c@part=\count186
\c@section=\count187
\c@subsection=\count188
\c@subsubsection=\count189
\c@paragraph=\count190
\c@subparagraph=\count191
\c@figure=\count192
\c@table=\count193
\abovecaptionskip=\skip47
\belowcaptionskip=\skip48
\bibindent=\dimen139
)
(c:/texlive/2022/texmf-dist/tex/latex/graphics/graphicx.sty
Package: graphicx 2021/09/16 v1.2d Enhanced LaTeX Graphics (DPC,SPQR)

(c:/texlive/2022/texmf-dist/tex/latex/graphics/keyval.sty
Package: keyval 2022/05/29 v1.15 key=value parser (DPC)
\KV@toks@=\toks16
)
(c:/texlive/2022/texmf-dist/tex/latex/graphics/graphics.sty
Package: graphics 2022/03/10 v1.4e Standard LaTeX Graphics (DPC,SPQR)

(c:/texlive/2022/texmf-dist/tex/latex/graphics/trig.sty
Package: trig 2021/08/11 v1.11 sin cos tan (DPC)
)
(c:/texlive/2022/texmf-dist/tex/latex/graphics-cfg/graphics.cfg
File: graphics.cfg 2016/06/04 v1.11 sample graphics configuration
)
Package graphics Info: Driver file: pdftex.def on input line 107.

(c:/texlive/2022/texmf-dist/tex/latex/graphics-def/pdftex.def
File: pdftex.def 2020/10/05 v1.2a Graphics/color driver for pdftex
))
\Gin@req@height=\dimen140
\Gin@req@width=\dimen141
)
(c:/texlive/2022/texmf-dist/tex/latex/amsmath/amsmath.sty
Package: amsmath 2022/04/08 v2.17n AMS math features
\@mathmargin=\skip49

For additional information on amsmath, use the `?' option.
(c:/texlive/2022/texmf-dist/tex/latex/amsmath/amstext.sty
Package: amstext 2021/08/26 v2.01 AMS text

(c:/texlive/2022/texmf-dist/tex/latex/amsmath/amsgen.sty
File: amsgen.sty 1999/11/30 v2.0 generic functions
\@emptytoks=\toks17
\ex@=\dimen142
))
(c:/texlive/2022/texmf-dist/tex/latex/amsmath/amsbsy.sty
Package: amsbsy 1999/11/29 v1.2d Bold Symbols
\pmbraise@=\dimen143
)
(c:/texlive/2022/texmf-dist/tex/latex/amsmath/amsopn.sty
Package: amsopn 2022/04/08 v2.04 operator names
)
\inf@bad=\count194
LaTeX Info: Redefining \frac on input line 234.
\uproot@=\count195
\leftroot@=\count196
LaTeX Info: Redefining \overline on input line 399.
LaTeX Info: Redefining \colon on input line 410.
\classnum@=\count197
\DOTSCASE@=\count198
LaTeX Info: Redefining \ldots on input line 496.
LaTeX Info: Redefining \dots on input line 499.
LaTeX Info: Redefining \cdots on input line 620.
\Mathstrutbox@=\box51
\strutbox@=\box52
LaTeX Info: Redefining \big on input line 722.
LaTeX Info: Redefining \Big on input line 723.
LaTeX Info: Redefining \bigg on input line 724.
LaTeX Info: Redefining \Bigg on input line 725.
\big@size=\dimen144
LaTeX Font Info:    Redeclaring font encoding OML on input line 743.
LaTeX Font Info:    Redeclaring font encoding OMS on input line 744.
\macc@depth=\count199
LaTeX Info: Redefining \bmod on input line 905.
LaTeX Info: Redefining \pmod on input line 910.
LaTeX Info: Redefining \smash on input line 940.
LaTeX Info: Redefining \relbar on input line 970.
LaTeX Info: Redefining \Relbar on input line 971.
\c@MaxMatrixCols=\count266
\dotsspace@=\muskip16
\c@parentequation=\count267
\dspbrk@lvl=\count268
\tag@help=\toks18
\row@=\count269
\column@=\count270
\maxfields@=\count271
\andhelp@=\toks19
\eqnshift@=\dimen145
\alignsep@=\dimen146
\tagshift@=\dimen147
\tagwidth@=\dimen148
\totwidth@=\dimen149
\lineht@=\dimen150
\@envbody=\toks20
\multlinegap=\skip50
\multlinetaggap=\skip51
\mathdisplay@stack=\toks21
LaTeX Info: Redefining \[ on input line 2953.
LaTeX Info: Redefining \] on input line 2954.
)
(c:/texlive/2022/texmf-dist/tex/latex/amsfonts/amsfonts.sty
Package: amsfonts 2013/01/14 v3.01 Basic AMSFonts support
\symAMSa=\mathgroup4
\symAMSb=\mathgroup5
LaTeX Font Info:    Redeclaring math symbol \hbar on input line 98.
LaTeX Font Info:    Overwriting math alphabet `\mathfrak' in version `bold'
(Font)                  U/euf/m/n --> U/euf/b/n on input line 106.
)
(c:/texlive/2022/texmf-dist/tex/latex/amsfonts/amssymb.sty
Package: amssymb 2013/01/14 v3.01 AMS font symbols
)
(c:/texlive/2022/texmf-dist/tex/latex/l3kernel/expl3.sty
Package: expl3 2022-08-30 L3 programming layer (loader) 

(c:/texlive/2022/texmf-dist/tex/latex/l3backend/l3backend-pdftex.def
File: l3backend-pdftex.def 2022-08-30 L3 backend support: PDF output (pdfTeX)
\l__color_backend_stack_int=\count272
\l__pdf_internal_box=\box53
))
(c:/texlive/2022/texmf-dist/tex/latex/l3packages/xparse/xparse.sty
Package: xparse 2022-06-22 L3 Experimental document command parser
)
(c:/texlive/2022/texmf-dist/tex/latex/etoolbox/etoolbox.sty
Package: etoolbox 2020/10/05 v2.5k e-TeX tools for LaTeX (JAW)
\etb@tempcnta=\count273
)
(c:/texlive/2022/texmf-dist/tex/latex/booktabs/booktabs.sty
Package: booktabs 2020/01/12 v1.61803398 Publication quality tables
\heavyrulewidth=\dimen151
\lightrulewidth=\dimen152
\cmidrulewidth=\dimen153
\belowrulesep=\dimen154
\belowbottomsep=\dimen155
\aboverulesep=\dimen156
\abovetopsep=\dimen157
\cmidrulesep=\dimen158
\cmidrulekern=\dimen159
\defaultaddspace=\dimen160
\@cmidla=\count274
\@cmidlb=\count275
\@aboverulesep=\dimen161
\@belowrulesep=\dimen162
\@thisruleclass=\count276
\@lastruleclass=\count277
\@thisrulewidth=\dimen163
)
(c:/texlive/2022/texmf-dist/tex/latex/makecell/makecell.sty
Package: makecell 2009/08/03 V0.1e Managing of Tab Column Heads and Cells

(c:/texlive/2022/texmf-dist/tex/latex/tools/array.sty
Package: array 2022/03/10 v2.5f Tabular extension package (FMi)
\col@sep=\dimen164
\ar@mcellbox=\box54
\extrarowheight=\dimen165
\NC@list=\toks22
\extratabsurround=\skip52
\backup@length=\skip53
\ar@cellbox=\box55
)
\rotheadsize=\dimen166
\c@nlinenum=\count278
\TeXr@lab=\toks23
)
(c:/texlive/2022/texmf-dist/tex/latex/multirow/multirow.sty
Package: multirow 2021/03/15 v2.8 Span multiple rows of a table
\multirow@colwidth=\skip54
\multirow@cntb=\count279
\multirow@dima=\skip55
\bigstrutjot=\dimen167
)
(c:/texlive/2022/texmf-dist/tex/latex/colortbl/colortbl.sty
Package: colortbl 2022/06/20 v1.0f Color table columns (DPC)

(c:/texlive/2022/texmf-dist/tex/latex/graphics/color.sty
Package: color 2022/01/06 v1.3d Standard LaTeX Color (DPC)

(c:/texlive/2022/texmf-dist/tex/latex/graphics-cfg/color.cfg
File: color.cfg 2016/01/02 v1.6 sample color configuration
)
Package color Info: Driver file: pdftex.def on input line 149.

(c:/texlive/2022/texmf-dist/tex/latex/graphics/mathcolor.ltx))
\everycr=\toks24
\minrowclearance=\skip56
\rownum=\count280
)
(c:/texlive/2022/texmf-dist/tex/latex/tools/dcolumn.sty
Package: dcolumn 2014/10/28 v1.06 decimal alignment package (DPC)
)
(c:/texlive/2022/texmf-dist/tex/latex/sttools/stfloats.sty
Package: stfloats 2017/03/27 v3.3 Improve float mechanism and baselineskip sett
ings
\@dblbotnum=\count281
\c@dblbotnumber=\count282
)
(c:/texlive/2022/texmf-dist/tex/latex/tools/xspace.sty
Package: xspace 2014/10/28 v1.13 Space after command names (DPC,MH)
)
(c:/texlive/2022/texmf-dist/tex/generic/xstring/xstring.sty
(c:/texlive/2022/texmf-dist/tex/generic/xstring/xstring.tex
\integerpart=\count283
\decimalpart=\count284
)
Package: xstring 2021/07/21 v1.84 String manipulations (CT)
)
(c:/texlive/2022/texmf-dist/tex/latex/footmisc/footmisc.sty
Package: footmisc 2022/03/08 v6.0d a miscellany of footnote facilities
\FN@temptoken=\toks25
\footnotemargin=\dimen168
\@outputbox@depth=\dimen169
Package footmisc Info: Declaring symbol style bringhurst on input line 695.
Package footmisc Info: Declaring symbol style chicago on input line 703.
Package footmisc Info: Declaring symbol style wiley on input line 712.
Package footmisc Info: Declaring symbol style lamport-robust on input line 723.

Package footmisc Info: Declaring symbol style lamport* on input line 743.
Package footmisc Info: Declaring symbol style lamport*-robust on input line 764
.
)
(c:/texlive/2022/texmf-dist/tex/latex/xcolor/xcolor.sty
Package: xcolor 2022/06/12 v2.14 LaTeX color extensions (UK)

(c:/texlive/2022/texmf-dist/tex/latex/graphics-cfg/color.cfg
File: color.cfg 2016/01/02 v1.6 sample color configuration
)
Package xcolor Info: Driver file: pdftex.def on input line 227.
LaTeX Info: Redefining \color on input line 711.

(c:/texlive/2022/texmf-dist/tex/latex/graphics/mathcolor.ltx)
Package xcolor Info: Model `cmy' substituted by `cmy0' on input line 1353.
Package xcolor Info: Model `hsb' substituted by `rgb' on input line 1357.
Package xcolor Info: Model `RGB' extended on input line 1369.
Package xcolor Info: Model `HTML' substituted by `rgb' on input line 1371.
Package xcolor Info: Model `Hsb' substituted by `hsb' on input line 1372.
Package xcolor Info: Model `tHsb' substituted by `hsb' on input line 1373.
Package xcolor Info: Model `HSB' substituted by `hsb' on input line 1374.
Package xcolor Info: Model `Gray' substituted by `gray' on input line 1375.
Package xcolor Info: Model `wave' substituted by `hsb' on input line 1376.

(c:/texlive/2022/texmf-dist/tex/latex/graphics/dvipsnam.def
File: dvipsnam.def 2016/06/17 v3.0m Driver-dependent file (DPC,SPQR)
)
(c:/texlive/2022/texmf-dist/tex/latex/xcolor/svgnam.def
File: svgnam.def 2022/06/12 v2.14 Predefined colors according to SVG 1.1 (UK)
))
(c:/texlive/2022/texmf-dist/tex/latex/hyperref/hyperref.sty
Package: hyperref 2022-06-20 v7.00s Hypertext links for LaTeX

(c:/texlive/2022/texmf-dist/tex/generic/ltxcmds/ltxcmds.sty
Package: ltxcmds 2020-05-10 v1.25 LaTeX kernel commands for general use (HO)
)
(c:/texlive/2022/texmf-dist/tex/generic/iftex/iftex.sty
Package: iftex 2022/02/03 v1.0f TeX engine tests
)
(c:/texlive/2022/texmf-dist/tex/generic/pdftexcmds/pdftexcmds.sty
Package: pdftexcmds 2020-06-27 v0.33 Utility functions of pdfTeX for LuaTeX (HO
)

(c:/texlive/2022/texmf-dist/tex/generic/infwarerr/infwarerr.sty
Package: infwarerr 2019/12/03 v1.5 Providing info/warning/error messages (HO)
)
Package pdftexcmds Info: \pdf@primitive is available.
Package pdftexcmds Info: \pdf@ifprimitive is available.
Package pdftexcmds Info: \pdfdraftmode found.
)
(c:/texlive/2022/texmf-dist/tex/generic/kvsetkeys/kvsetkeys.sty
Package: kvsetkeys 2019/12/15 v1.18 Key value parser (HO)
)
(c:/texlive/2022/texmf-dist/tex/generic/kvdefinekeys/kvdefinekeys.sty
Package: kvdefinekeys 2019-12-19 v1.6 Define keys (HO)
)
(c:/texlive/2022/texmf-dist/tex/generic/pdfescape/pdfescape.sty
Package: pdfescape 2019/12/09 v1.15 Implements pdfTeX's escape features (HO)
)
(c:/texlive/2022/texmf-dist/tex/latex/hycolor/hycolor.sty
Package: hycolor 2020-01-27 v1.10 Color options for hyperref/bookmark (HO)
)
(c:/texlive/2022/texmf-dist/tex/latex/letltxmacro/letltxmacro.sty
Package: letltxmacro 2019/12/03 v1.6 Let assignment for LaTeX macros (HO)
)
(c:/texlive/2022/texmf-dist/tex/latex/auxhook/auxhook.sty
Package: auxhook 2019-12-17 v1.6 Hooks for auxiliary files (HO)
)
(c:/texlive/2022/texmf-dist/tex/latex/hyperref/nameref.sty
Package: nameref 2022-05-17 v2.50 Cross-referencing by name of section

(c:/texlive/2022/texmf-dist/tex/latex/refcount/refcount.sty
Package: refcount 2019/12/15 v3.6 Data extraction from label references (HO)
)
(c:/texlive/2022/texmf-dist/tex/generic/gettitlestring/gettitlestring.sty
Package: gettitlestring 2019/12/15 v1.6 Cleanup title references (HO)

(c:/texlive/2022/texmf-dist/tex/latex/kvoptions/kvoptions.sty
Package: kvoptions 2022-06-15 v3.15 Key value format for package options (HO)
))
\c@section@level=\count285
)
\@linkdim=\dimen170
\Hy@linkcounter=\count286
\Hy@pagecounter=\count287

(c:/texlive/2022/texmf-dist/tex/latex/hyperref/pd1enc.def
File: pd1enc.def 2022-06-20 v7.00s Hyperref: PDFDocEncoding definition (HO)
Now handling font encoding PD1 ...
... no UTF-8 mapping file for font encoding PD1
)
(c:/texlive/2022/texmf-dist/tex/generic/intcalc/intcalc.sty
Package: intcalc 2019/12/15 v1.3 Expandable calculations with integers (HO)
)
(c:/texlive/2022/texmf-dist/tex/generic/etexcmds/etexcmds.sty
Package: etexcmds 2019/12/15 v1.7 Avoid name clashes with e-TeX commands (HO)
)
\Hy@SavedSpaceFactor=\count288

(c:/texlive/2022/texmf-dist/tex/latex/hyperref/puenc.def
File: puenc.def 2022-06-20 v7.00s Hyperref: PDF Unicode definition (HO)
Now handling font encoding PU ...
... no UTF-8 mapping file for font encoding PU
)
Package hyperref Info: Option `colorlinks' set `true' on input line 4045.
Package hyperref Info: Hyper figures OFF on input line 4162.
Package hyperref Info: Link nesting OFF on input line 4167.
Package hyperref Info: Hyper index ON on input line 4170.
Package hyperref Info: Plain pages OFF on input line 4177.
Package hyperref Info: Backreferencing OFF on input line 4182.
Package hyperref Info: Implicit mode ON; LaTeX internals redefined.
Package hyperref Info: Bookmarks ON on input line 4408.
\c@Hy@tempcnt=\count289

(c:/texlive/2022/texmf-dist/tex/latex/url/url.sty
\Urlmuskip=\muskip17
Package: url 2013/09/16  ver 3.4  Verb mode for urls, etc.
)
LaTeX Info: Redefining \url on input line 4746.
\XeTeXLinkMargin=\dimen171

(c:/texlive/2022/texmf-dist/tex/generic/bitset/bitset.sty
Package: bitset 2019/12/09 v1.3 Handle bit-vector datatype (HO)

(c:/texlive/2022/texmf-dist/tex/generic/bigintcalc/bigintcalc.sty
Package: bigintcalc 2019/12/15 v1.5 Expandable calculations on big integers (HO
)
))
\Fld@menulength=\count290
\Field@Width=\dimen172
\Fld@charsize=\dimen173
Package hyperref Info: Hyper figures OFF on input line 6024.
Package hyperref Info: Link nesting OFF on input line 6029.
Package hyperref Info: Hyper index ON on input line 6032.
Package hyperref Info: backreferencing OFF on input line 6039.
Package hyperref Info: Link coloring ON on input line 6042.
Package hyperref Info: Link coloring with OCG OFF on input line 6049.
Package hyperref Info: PDF/A mode OFF on input line 6054.

(c:/texlive/2022/texmf-dist/tex/latex/base/atbegshi-ltx.sty
Package: atbegshi-ltx 2021/01/10 v1.0c Emulation of the original atbegshi
package with kernel methods
)
\Hy@abspage=\count291
\c@Item=\count292
\c@Hfootnote=\count293
)
Package hyperref Info: Driver (autodetected): hpdftex.

(c:/texlive/2022/texmf-dist/tex/latex/hyperref/hpdftex.def
File: hpdftex.def 2022-06-20 v7.00s Hyperref driver for pdfTeX

(c:/texlive/2022/texmf-dist/tex/latex/base/atveryend-ltx.sty
Package: atveryend-ltx 2020/08/19 v1.0a Emulation of the original atveryend pac
kage
with kernel methods
)
\Fld@listcount=\count294
\c@bookmark@seq@number=\count295

(c:/texlive/2022/texmf-dist/tex/latex/rerunfilecheck/rerunfilecheck.sty
Package: rerunfilecheck 2022-07-10 v1.10 Rerun checks for auxiliary files (HO)

(c:/texlive/2022/texmf-dist/tex/generic/uniquecounter/uniquecounter.sty
Package: uniquecounter 2019/12/15 v1.4 Provide unlimited unique counter (HO)
)
Package uniquecounter Info: New unique counter `rerunfilecheck' on input line 2
85.
)
\Hy@SectionHShift=\skip57
)
(./cas-common.sty
\l_stm_title_before_dim=\dimen174
\l_stm_title_after_dim=\dimen175
\g_ead_int=\count296
\g_uad_int=\count297
\@eadauthor=\toks26
\g_stm_tnote_int=\count298
\g_stm_fnote_int=\count299
\g_stm_cor_int=\count300
\g_stm_au_int=\count301
\g_stm_aau_int=\count302
\l_autype_int=\count303
\l_stm_augroup_before_dim=\dimen176
\l_stm_augroup_after_dim=\dimen177
\l_stm_augroup_lskip_tl=\dimen178
\l_stm_augroup_rskip_tl=\dimen179
\g_stm_aff_int=\count304
\g_stm_aff_ext_int=\count305
\g_stm_aff_int_int=\count306
\g_stm_fn_aff_ext_int=\count307
\g_stm_fn_aff_int_int=\count308
\l_stm_aff_before_dim=\dimen180
\l_stm_aff_after_dim=\dimen181
\l_stm_aff_lskip_dim=\dimen182
\l_stm_aff_rskip_dim=\dimen183
\g_stm_augr_int=\count309
\g_stm_aaugr_int=\count310
 (c:/texlive/2022/texmf-dist/tex/latex/moreverb/moreverb.sty
Package: moreverb 2008/06/03 v2.3a `more' verbatim facilities

(c:/texlive/2022/texmf-dist/tex/latex/tools/verbatim.sty
Package: verbatim 2020-07-07 v1.5u LaTeX2e package for verbatim enhancements
\every@verbatim=\toks27
\verbatim@line=\toks28
\verbatim@in@stream=\read2
)
\tab@position=\count311
\tab@size=\count312
\listing@line=\count313
)
\g_stm_abs_box=\box56
\casgrabsbox=\box57
\casauhlbox=\box58
\g_stm_key_box=\box59
\g_stm_jtype_int=\count314
\g_stm_blind_int=\count315
\c@au=\count316
\c@cnote=\count317
\c@tnote=\count318
\c@fnote=\count319
\c@aff=\count320
\g_stm_notes_box=\box60
\g_stm_front_box=\box61
\paraindent=\dimen184
\subparaindent=\dimen185
\FullWidth=\dimen186
\l_tbl_width_dim=\dimen187
\l_tbl_abovecap_skip=\skip58
\l_tbl_belowcap_skip=\skip59
\l_tbl_abovetbl_skip=\skip60
\l_tbl_belowtbl_skip=\skip61
\l_fig_width_dim=\dimen188
\cascaptionbox=\box62
\l_fig_abovecap_skip=\skip62
\l_fig_belowcap_skip=\skip63
\l_fig_abovefig_skip=\skip64
\l_fig_belowfig_skip=\skip65

(c:/texlive/2022/texmf-dist/tex/latex/wrapfig/wrapfig.sty
\wrapoverhang=\dimen189
\WF@size=\dimen190
\c@WF@wrappedlines=\count321
\WF@box=\box63
\WF@everypar=\toks29
Package: wrapfig 2003/01/31  v 3.6
)
\l_wrap_figwidth_dim=\dimen191
\l_wrap_fighspace_dim=\dimen192
\l_wrap_figvspace_dim=\dimen193
\l_wrap_fighcorr_dim=\dimen194
\l_wrap_figvcorr_dim=\dimen195
\l_above_bio_dim=\dimen196
\l_wrap_figlcorr_int=\count322
\l_wrap_figlines_int=\count323
\l_bio_text_box=\box64
\c@ca_biography_ctr=\count324
\l_ca_temp_inta=\count325
\leftMargin=\dimen197
\@enLab=\toks30
\@sep=\skip66
\@@sep=\skip67
)
(c:/texlive/2022/texmf-dist/tex/latex/base/fontenc.sty
Package: fontenc 2021/04/29 v2.0v Standard LaTeX package
)
(c:/texlive/2022/texmf-dist/tex/latex/stix/stix.sty
Package: stix 2018/04/17 v1.1.3-latex STIX fonts support package

(c:/texlive/2022/texmf-dist/tex/latex/base/textcomp.sty
Package: textcomp 2020/02/02 v2.0n Standard LaTeX package
LaTeX Font Info:    Changing ? sub-encoding to TS1/0 on input line 78.
)
Now handling font encoding LS1 ...
... no UTF-8 mapping file for font encoding LS1
Now handling font encoding LS2 ...
... no UTF-8 mapping file for font encoding LS2
LaTeX Font Info:    Redeclaring symbol font `letters' on input line 76.
LaTeX Font Info:    Encoding `OML' has changed to `LS1' for symbol font
(Font)              `letters' in the math version `normal' on input line 76.
LaTeX Font Info:    Overwriting symbol font `letters' in version `normal'
(Font)                  OML/cmm/m/it --> LS1/stix/m/it on input line 76.
LaTeX Font Info:    Encoding `OML' has changed to `LS1' for symbol font
(Font)              `letters' in the math version `bold' on input line 76.
LaTeX Font Info:    Overwriting symbol font `letters' in version `bold'
(Font)                  OML/cmm/b/it --> LS1/stix/m/it on input line 76.
LaTeX Font Info:    Redeclaring symbol font `operators' on input line 77.
LaTeX Font Info:    Encoding `OT1' has changed to `LS1' for symbol font
(Font)              `operators' in the math version `normal' on input line 77.
LaTeX Font Info:    Overwriting symbol font `operators' in version `normal'
(Font)                  OT1/cmr/m/n --> LS1/stix/m/n on input line 77.
LaTeX Font Info:    Encoding `OT1' has changed to `LS1' for symbol font
(Font)              `operators' in the math version `bold' on input line 77.
LaTeX Font Info:    Overwriting symbol font `operators' in version `bold'
(Font)                  OT1/cmr/bx/n --> LS1/stix/m/n on input line 77.
\symbold-operators=\mathgroup6
LaTeX Font Info:    Redeclaring symbol font `symbols' on input line 79.
LaTeX Font Info:    Encoding `OMS' has changed to `LS1' for symbol font
(Font)              `symbols' in the math version `normal' on input line 79.
LaTeX Font Info:    Overwriting symbol font `symbols' in version `normal'
(Font)                  OMS/cmsy/m/n --> LS1/stixscr/m/n on input line 79.
LaTeX Font Info:    Encoding `OMS' has changed to `LS1' for symbol font
(Font)              `symbols' in the math version `bold' on input line 79.
LaTeX Font Info:    Overwriting symbol font `symbols' in version `bold'
(Font)                  OMS/cmsy/b/n --> LS1/stixscr/m/n on input line 79.
\symsymbols2=\mathgroup7
\symsymbols3=\mathgroup8
\symsymbols4=\mathgroup9
\symintegrals=\mathgroup10
LaTeX Font Info:    Redeclaring symbol font `largesymbols' on input line 84.
LaTeX Font Info:    Encoding `OMX' has changed to `LS2' for symbol font
(Font)              `largesymbols' in the math version `normal' on input line 8
4.
LaTeX Font Info:    Overwriting symbol font `largesymbols' in version `normal'
(Font)                  OMX/cmex/m/n --> LS2/stixex/m/n on input line 84.
LaTeX Font Info:    Encoding `OMX' has changed to `LS2' for symbol font
(Font)              `largesymbols' in the math version `bold' on input line 84.

LaTeX Font Info:    Overwriting symbol font `largesymbols' in version `bold'
(Font)                  OMX/cmex/m/n --> LS2/stixex/m/n on input line 84.
\symarrows1=\mathgroup11
\symarrows2=\mathgroup12
\symarrows3=\mathgroup13
LaTeX Font Info:    Overwriting symbol font `letters' in version `bold'
(Font)                  LS1/stix/m/it --> LS1/stix/b/it on input line 88.
LaTeX Font Info:    Overwriting symbol font `operators' in version `bold'
(Font)                  LS1/stix/m/n --> LS1/stix/b/n on input line 89.
LaTeX Font Info:    Overwriting symbol font `symbols' in version `bold'
(Font)                  LS1/stixscr/m/n --> LS1/stixscr/b/n on input line 90.
LaTeX Font Info:    Overwriting symbol font `symbols2' in version `bold'
(Font)                  LS1/stixfrak/m/n --> LS1/stixfrak/b/n on input line 91.

LaTeX Font Info:    Overwriting symbol font `symbols3' in version `bold'
(Font)                  LS1/stixbb/m/n --> LS1/stixbb/b/n on input line 92.
LaTeX Font Info:    Overwriting symbol font `symbols4' in version `bold'
(Font)                  LS1/stixbb/m/it --> LS1/stixbb/b/it on input line 93.
LaTeX Font Info:    Overwriting symbol font `integrals' in version `bold'
(Font)                  LS2/stixcal/m/n --> LS2/stixcal/b/n on input line 94.
LaTeX Font Info:    Overwriting symbol font `largesymbols' in version `bold'
(Font)                  LS2/stixex/m/n --> LS2/stixex/b/n on input line 95.
LaTeX Font Info:    Overwriting symbol font `arrows1' in version `bold'
(Font)                  LS1/stixsf/m/n --> LS1/stixsf/b/n on input line 96.
LaTeX Font Info:    Overwriting symbol font `arrows2' in version `bold'
(Font)                  LS1/stixsf/m/it --> LS1/stixsf/b/it on input line 97.
LaTeX Font Info:    Overwriting symbol font `arrows3' in version `bold'
(Font)                  LS2/stixtt/m/n --> LS2/stixtt/b/n on input line 98.
LaTeX Font Info:    Redeclaring math alphabet \mathit on input line 99.
LaTeX Font Info:    Redeclaring math alphabet \mathfrak on input line 102.
LaTeX Font Info:    Redeclaring math alphabet \mathsf on input line 106.
LaTeX Font Info:    Redeclaring math alphabet \mathtt on input line 108.
LaTeX Font Info:    Redeclaring math alphabet \mathbf on input line 109.
LaTeX Info: Redefining \yen on input line 456.
LaTeX Info: Redefining \circledR on input line 458.
LaTeX Info: Redefining \checkmark on input line 460.
LaTeX Info: Redefining \maltese on input line 461.
LaTeX Font Info:    Redeclaring math accent \grave on input line 698.
LaTeX Font Info:    Redeclaring math accent \acute on input line 699.
LaTeX Font Info:    Redeclaring math accent \hat on input line 700.
LaTeX Font Info:    Redeclaring math accent \tilde on input line 701.
LaTeX Font Info:    Redeclaring math accent \bar on input line 702.
LaTeX Font Info:    Redeclaring math accent \breve on input line 703.
LaTeX Font Info:    Redeclaring math accent \dot on input line 704.
LaTeX Font Info:    Redeclaring math accent \ddot on input line 705.
LaTeX Font Info:    Redeclaring math accent \mathring on input line 707.
LaTeX Font Info:    Redeclaring math accent \check on input line 708.
LaTeX Font Info:    Redeclaring math accent \vec on input line 716.
LaTeX Font Info:    Redeclaring math accent \widehat on input line 728.
LaTeX Font Info:    Redeclaring math accent \widetilde on input line 729.
LaTeX Info: Redefining \vdots on input line 1518.
LaTeX Info: Redefining \cdots on input line 1522.
LaTeX Font Info:    Redeclaring math symbol \mathsterling on input line 1978.
LaTeX Info: Redefining \not on input line 2144.
)
(c:/texlive/2022/texmf-dist/tex/latex/geometry/geometry.sty
Package: geometry 2020/01/02 v5.9 Page Geometry

(c:/texlive/2022/texmf-dist/tex/generic/iftex/ifvtex.sty
Package: ifvtex 2019/10/25 v1.7 ifvtex legacy package. Use iftex instead.
)
\Gm@cnth=\count326
\Gm@cntv=\count327
\c@Gm@tempcnt=\count328
\Gm@bindingoffset=\dimen198
\Gm@wd@mp=\dimen199
\Gm@odd@mp=\dimen256
\Gm@even@mp=\dimen257
\Gm@layoutwidth=\dimen258
\Gm@layoutheight=\dimen259
\Gm@layouthoffset=\dimen260
\Gm@layoutvoffset=\dimen261
\Gm@dimlist=\toks31
))
Package hyperref Info: Option `colorlinks' set `true' on input line 27.

(c:/texlive/2022/texmf-dist/tex/latex/natbib/natbib.sty
Package: natbib 2010/09/13 8.31b (PWD, AO)
\bibhang=\skip68
\bibsep=\skip69
LaTeX Info: Redefining \cite on input line 694.
\c@NAT@ctr=\count329
)
(c:/texlive/2022/texmf-dist/tex/latex/base/latexsym.sty
Package: latexsym 1998/08/17 v2.2e Standard LaTeX package (lasy symbols)
\symlasy=\mathgroup14
LaTeX Font Info:    Overwriting symbol font `lasy' in version `bold'
(Font)                  U/lasy/m/n --> U/lasy/b/n on input line 52.
)
(c:/texlive/2022/texmf-dist/tex/latex/doublestroke/dsfont.sty
Package: dsfont 1995/08/01 v0.1 Double stroke roman fonts
)
(c:/texlive/2022/texmf-dist/tex/latex/multirow/bigdelim.sty
Package: bigdelim 2021/03/15 v2.8 Create big delimiters in tabular or array
)
(c:/texlive/2022/texmf-dist/tex/latex/caption/caption.sty
Package: caption 2022/03/01 v3.6b Customizing captions (AR)

(c:/texlive/2022/texmf-dist/tex/latex/caption/caption3.sty
Package: caption3 2022/03/17 v2.3b caption3 kernel (AR)
\caption@tempdima=\dimen262
\captionmargin=\dimen263
\caption@leftmargin=\dimen264
\caption@rightmargin=\dimen265
\caption@width=\dimen266
\caption@indent=\dimen267
\caption@parindent=\dimen268
\caption@hangindent=\dimen269
Package caption Info: Standard document class detected.
)
\c@caption@flags=\count330
\c@continuedfloat=\count331
Package caption Info: hyperref package is loaded.
Package caption Info: wrapfig package is loaded.
)
(c:/texlive/2022/texmf-dist/tex/latex/caption/subcaption.sty
Package: subcaption 2022/01/07 v1.5 Sub-captions (AR)
\c@subfigure=\count332
\c@subtable=\count333
)
(c:/texlive/2022/texmf-dist/tex/latex/float/float.sty
Package: float 2001/11/08 v1.3d Float enhancements (AL)
\c@float@type=\count334
\float@exts=\toks32
\float@box=\box65
\@float@everytoks=\toks33
\@floatcapt=\box66
)
LaTeX Font Info:    Trying to load font information for T1+stix on input line 6
0.

(c:/texlive/2022/texmf-dist/tex/latex/stix/t1stix.fd
File: t1stix.fd 2015/04/17 v1.1.2-latex STIX T1 font definitions
)

LaTeX Warning: Unused global option(s):
    [fleqnn].

(./main.aux)
\openout1 = `main.aux'.

LaTeX Font Info:    Checking defaults for OML/cmm/m/it on input line 60.
LaTeX Font Info:    ... okay on input line 60.
LaTeX Font Info:    Checking defaults for OMS/cmsy/m/n on input line 60.
LaTeX Font Info:    ... okay on input line 60.
LaTeX Font Info:    Checking defaults for OT1/cmr/m/n on input line 60.
LaTeX Font Info:    ... okay on input line 60.
LaTeX Font Info:    Checking defaults for T1/cmr/m/n on input line 60.
LaTeX Font Info:    ... okay on input line 60.
LaTeX Font Info:    Checking defaults for TS1/cmr/m/n on input line 60.
LaTeX Font Info:    ... okay on input line 60.
LaTeX Font Info:    Checking defaults for OMX/cmex/m/n on input line 60.
LaTeX Font Info:    ... okay on input line 60.
LaTeX Font Info:    Checking defaults for U/cmr/m/n on input line 60.
LaTeX Font Info:    ... okay on input line 60.
LaTeX Font Info:    Checking defaults for PD1/pdf/m/n on input line 60.
LaTeX Font Info:    ... okay on input line 60.
LaTeX Font Info:    Checking defaults for PU/pdf/m/n on input line 60.
LaTeX Font Info:    ... okay on input line 60.
LaTeX Font Info:    Checking defaults for LS1/stix/m/n on input line 60.
LaTeX Font Info:    Trying to load font information for LS1+stix on input line 
60.
 (c:/texlive/2022/texmf-dist/tex/latex/stix/ls1stix.fd
File: ls1stix.fd 2015/04/17 v1.1.2-latex STIX LS1 font definitions
)
LaTeX Font Info:    ... okay on input line 60.
LaTeX Font Info:    Checking defaults for LS2/stix/m/n on input line 60.
LaTeX Font Info:    Trying to load font information for LS2+stix on input line 
60.

(c:/texlive/2022/texmf-dist/tex/latex/stix/ls2stix.fd
File: ls2stix.fd 2015/04/17 v1.1.2-latex STIX LS2 font definitions
)
LaTeX Font Info:    ... okay on input line 60.

(c:/texlive/2022/texmf-dist/tex/context/base/mkii/supp-pdf.mkii
[Loading MPS to PDF converter (version 2006.09.02).]
\scratchcounter=\count335
\scratchdimen=\dimen270
\scratchbox=\box67
\nofMPsegments=\count336
\nofMParguments=\count337
\everyMPshowfont=\toks34
\MPscratchCnt=\count338
\MPscratchDim=\dimen271
\MPnumerator=\count339
\makeMPintoPDFobject=\count340
\everyMPtoPDFconversion=\toks35
) (c:/texlive/2022/texmf-dist/tex/latex/epstopdf-pkg/epstopdf-base.sty
Package: epstopdf-base 2020-01-24 v2.11 Base part for package epstopdf
Package epstopdf-base Info: Redefining graphics rule for `.eps' on input line 4
85.

(c:/texlive/2022/texmf-dist/tex/latex/latexconfig/epstopdf-sys.cfg
File: epstopdf-sys.cfg 2010/07/13 v1.3 Configuration of (r)epstopdf for TeX Liv
e
))
LaTeX Info: Command `\dddot' is already robust on input line 60.
LaTeX Info: Command `\ddddot' is already robust on input line 60.
Package hyperref Info: Link coloring ON on input line 60.

(./main.out) (./main.out)
\@outlinefile=\write3
\openout3 = `main.out'.


*geometry* driver: auto-detecting
*geometry* detected driver: pdftex
*geometry* verbose mode - [ preamble ] result:
* driver: pdftex
* paper: custom
* layout: <same size as paper>
* layoutoffset:(h,v)=(0.0pt,0.0pt)
* modes: 
* h-part:(L,W,R)=(38.98026pt, 468.3324pt, 38.98026pt)
* v-part:(T,H,B)=(54.06023pt, 637.34175pt, 54.06023pt)
* \paperwidth=546.29291pt
* \paperheight=745.4622pt
* \textwidth=468.3324pt
* \textheight=637.34175pt
* \oddsidemargin=-33.28973pt
* \evensidemargin=-33.28973pt
* \topmargin=-42.20976pt
* \headheight=12.0pt
* \headsep=12.0pt
* \topskip=10.0pt
* \footskip=12.0pt
* \marginparwidth=57.0pt
* \marginparsep=11.0pt
* \columnsep=10.0pt
* \skip\footins=9.0pt plus 4.0pt minus 2.0pt
* \hoffset=0.0pt
* \voffset=0.0pt
* \mag=1000
* \@twocolumnfalse
* \@twosidefalse
* \@mparswitchfalse
* \@reversemarginfalse
* (1in=72.27pt=25.4mm, 1cm=28.453pt)

Package caption Info: Begin \AtBeginDocument code.
Package caption Info: float package is loaded.
Package caption Info: End \AtBeginDocument code.
\verbatim@out=\write4
\openout4 = `main.abs'.

LaTeX Font Info:    Trying to load font information for LS1+stixscr on input li
ne 180.
(c:/texlive/2022/texmf-dist/tex/latex/stix/ls1stixscr.fd
File: ls1stixscr.fd 2015/04/17 v1.1.2-latex STIX script LS1 font definitions
)
LaTeX Font Info:    Trying to load font information for LS2+stixex on input lin
e 180.

(c:/texlive/2022/texmf-dist/tex/latex/stix/ls2stixex.fd
File: ls2stixex.fd 2015/04/17 v1.1.2-latex STIX extentions LS2 font definitions

)
LaTeX Font Info:    Trying to load font information for U+msa on input line 180
.

(c:/texlive/2022/texmf-dist/tex/latex/amsfonts/umsa.fd
File: umsa.fd 2013/01/14 v3.01 AMS symbols A
)
LaTeX Font Info:    Trying to load font information for U+msb on input line 180
.

(c:/texlive/2022/texmf-dist/tex/latex/amsfonts/umsb.fd
File: umsb.fd 2013/01/14 v3.01 AMS symbols B
)
LaTeX Font Info:    Trying to load font information for LS1+stixfrak on input l
ine 180.

(c:/texlive/2022/texmf-dist/tex/latex/stix/ls1stixfrak.fd
File: ls1stixfrak.fd 2015/04/17 v1.1.2-latex STIX fraktur LS1 font definitions
)
LaTeX Font Info:    Trying to load font information for LS1+stixbb on input lin
e 180.

(c:/texlive/2022/texmf-dist/tex/latex/stix/ls1stixbb.fd
File: ls1stixbb.fd 2015/04/17 v1.1.2-latex STIX blackboard LS1 font definitions

)
LaTeX Font Info:    Trying to load font information for LS2+stixcal on input li
ne 180.

(c:/texlive/2022/texmf-dist/tex/latex/stix/ls2stixcal.fd
File: ls2stixcal.fd 2015/04/17 v1.1.2-latex STIX calligraphic LS2 font definiti
ons
)
LaTeX Font Info:    Trying to load font information for LS1+stixsf on input lin
e 180.

(c:/texlive/2022/texmf-dist/tex/latex/stix/ls1stixsf.fd
File: ls1stixsf.fd 2015/04/17 v1.1.2-latex STIX sans-serif LS1 font definitions

)
LaTeX Font Info:    Trying to load font information for LS2+stixtt on input lin
e 180.

(c:/texlive/2022/texmf-dist/tex/latex/stix/ls2stixtt.fd
File: ls2stixtt.fd 2015/04/17 v1.1.2-latex STIX typewriter LS2 font definitions

)
LaTeX Font Info:    Trying to load font information for U+lasy on input line 18
0.

(c:/texlive/2022/texmf-dist/tex/latex/base/ulasy.fd
File: ulasy.fd 1998/08/17 v2.2e LaTeX symbol font definitions
)
Overfull \hbox (117.0831pt too wide) detected at line 180
[]
 []

(./main.abs)

Package hyperref Warning: Ignoring empty anchor on input line 180.


Package hyperref Warning: Ignoring empty anchor on input line 180.

<thumbnails/cas-email.jpeg, id=4, 225.84375pt x 225.84375pt>
File: thumbnails/cas-email.jpeg Graphic file (type jpg)
<use thumbnails/cas-email.jpeg>
Package pdftex.def Info: thumbnails/cas-email.jpeg  used on input line 180.
(pdftex.def)             Requested size: 7.99838pt x 8.0pt.
LaTeX Font Info:    Trying to load font information for T1+cmtt on input line 1
80.
(c:/texlive/2022/texmf-dist/tex/latex/base/t1cmtt.fd
File: t1cmtt.fd 2019/12/16 v2.5j Standard LaTeX font definitions
)

Package hyperref Warning: Ignoring empty anchor on input line 180.

(./RelatedWork.tex
LaTeX Font Info:    Trying to load font information for T1+cmss on input line 1
0.
 (c:/texlive/2022/texmf-dist/tex/latex/base/t1cmss.fd
File: t1cmss.fd 2019/12/16 v2.5j Standard LaTeX font definitions
)
[1

{c:/texlive/2022/texmf-var/fonts/map/pdftex/updmap/pdftex.map} <./thumbnails/ca
s-email.jpeg>]

LaTeX Font Warning: Font shape `U/lasy/m/n' in size <7.5> not available
(Font)              size <7> substituted on input line 25.


Underfull \hbox (badness 10000) has occurred while \output is active
$[]$
 []

[2]
Underfull \hbox (badness 10000) has occurred while \output is active
$[]$
 []

[3]) (./Method.tex
<figs/overview.png, id=134, 1800.7275pt x 829.0975pt>
File: figs/overview.png Graphic file (type png)
<use figs/overview.png>
Package pdftex.def Info: figs/overview.png  used on input line 5.
(pdftex.def)             Requested size: 458.96375pt x 211.30952pt.

Underfull \hbox (badness 10000) has occurred while \output is active
$[]$
 []

[4 <./figs/overview.png>]
<figs/GSAS.png, id=155, 1523.6925pt x 717.68124pt>
File: figs/GSAS.png Graphic file (type png)
<use figs/GSAS.png>
Package pdftex.def Info: figs/GSAS.png  used on input line 25.
(pdftex.def)             Requested size: 458.96375pt x 216.17116pt.

Underfull \hbox (badness 10000) has occurred while \output is active
$[]$
 []

[5 <./figs/GSAS.png>]
Underfull \hbox (badness 10000) has occurred while \output is active
$[]$
 []

[6]
Underfull \hbox (badness 10000) has occurred while \output is active
$[]$
 []

[7]
Underfull \hbox (badness 1281) in paragraph at lines 164--165
[]\T1/stix/m/n/10 We jointly op-ti-mize the train-able com-po-nents (GSAS pa-ra
m-e-ters, Mamba adapter pa-ram-e-ters, positional-
 []


Underfull \hbox (badness 10000) has occurred while \output is active
$[]$
 []

[8]) (./Results.tex
Underfull \hbox (badness 10000) has occurred while \output is active
$[]$
 []

[9]
Underfull \hbox (badness 10000) has occurred while \output is active
$[]$
 []

[10]
<figs/shapenet.jpg, id=236, 1110.89314pt x 774.7344pt>
File: figs/shapenet.jpg Graphic file (type jpg)
<use figs/shapenet.jpg>
Package pdftex.def Info: figs/shapenet.jpg  used on input line 31.
(pdftex.def)             Requested size: 468.3324pt x 326.61566pt.
<figs/real3d.jpg, id=242, 1361.5668pt x 923.8171pt>
File: figs/real3d.jpg Graphic file (type jpg)
<use figs/real3d.jpg>
Package pdftex.def Info: figs/real3d.jpg  used on input line 40.
(pdftex.def)             Requested size: 468.3324pt x 317.7587pt.

Underfull \hbox (badness 10000) has occurred while \output is active
$[]$
 []

[11 <./figs/shapenet.jpg>]
Underfull \hbox (badness 10000) has occurred while \output is active
$[]$
 []

[12 <./figs/real3d.jpg>]

LaTeX Warning: Reference `fig:result1' on page 13 undefined on input line 110.


LaTeX Warning: Reference `fig:result2' on page 13 undefined on input line 110.


Underfull \hbox (badness 10000) has occurred while \output is active
$[]$
 []

[13]
<figs/line1.png, id=298, 1187.43625pt x 379.4175pt>
File: figs/line1.png Graphic file (type png)
<use figs/line1.png>
Package pdftex.def Info: figs/line1.png  used on input line 153.
(pdftex.def)             Requested size: 421.49629pt x 134.67967pt.
<figs/line2.png, id=299, 1188.44pt x 380.42125pt>
File: figs/line2.png Graphic file (type png)
<use figs/line2.png>
Package pdftex.def Info: figs/line2.png  used on input line 154.
(pdftex.def)             Requested size: 421.49629pt x 134.91988pt.
<figs/line3.png, id=300, 1189.44376pt x 390.45876pt>
File: figs/line3.png Graphic file (type png)
<use figs/line3.png>
Package pdftex.def Info: figs/line3.png  used on input line 155.
(pdftex.def)             Requested size: 421.49629pt x 138.36061pt.
<figs/line4.png, id=301, 1189.44376pt x 387.4475pt>
File: figs/line4.png Graphic file (type png)
<use figs/line4.png>
Package pdftex.def Info: figs/line4.png  used on input line 156.
(pdftex.def)             Requested size: 421.49629pt x 137.29356pt.


LaTeX Warning: `!h' float specifier changed to `!ht'.


Underfull \hbox (badness 10000) has occurred while \output is active
$[]$
 []

[14]

LaTeX Warning: Text page 15 contains only floats.


Underfull \hbox (badness 10000) has occurred while \output is active
$[]$
 []

[15 <./figs/line1.png> <./figs/line2.png> <./figs/line3.png> <./figs/line4.png>
]
Underfull \hbox (badness 10000) has occurred while \output is active
$[]$
 []

[16]) (./main.bbl
Underfull \hbox (badness 10000) has occurred while \output is active
$[]$
 []

[17]
Underfull \hbox (badness 10000) has occurred while \output is active
$[]$
 []

[18])

Package caption Warning: Unused \captionsetup[subfloat] on input line 44.
See the caption package documentation for explanation.


Underfull \hbox (badness 10000) has occurred while \output is active
$[]$
 []

[19] (./main.aux)

LaTeX Font Warning: Size substitutions with differences
(Font)              up to 0.5pt have occurred.


LaTeX Warning: There were undefined references.

Package rerunfilecheck Info: File `main.out' has not changed.
(rerunfilecheck)             Checksum: D41D8CD98F00B204E9800998ECF8427E;0.
 ) 
Here is how much of TeX's memory you used:
 18434 strings out of 475075
 286243 string characters out of 5783001
 626480 words of memory out of 5000000
 39378 multiletter control sequences out of 15000+600000
 573270 words of font info for 158 fonts, out of 8000000 for 9000
 1141 hyphenation exceptions out of 8191
 87i,10n,91p,1907b,745s stack positions out of 10000i,1000n,20000p,200000b,200000s
{c:/texlive/2022/texmf-dist/fonts/enc/dvips/cm-super/cm-super-t1.enc}{c:/texl
ive/2022/texmf-dist/fonts/enc/dvips/stix/stix-t1.enc}<c:/texlive/2022/texmf-dis
t/fonts/type1/public/stix/STIXGeneral-Bold.pfb><c:/texlive/2022/texmf-dist/font
s/type1/public/stix/STIXGeneral-BoldItalic.pfb><c:/texlive/2022/texmf-dist/font
s/type1/public/stix/STIXGeneral-Italic.pfb><c:/texlive/2022/texmf-dist/fonts/ty
pe1/public/stix/STIXGeneral-Regular.pfb><c:/texlive/2022/texmf-dist/fonts/type1
/public/cm-super/sfss0900.pfb><c:/texlive/2022/texmf-dist/fonts/type1/public/cm
-super/sfsx0900.pfb><c:/texlive/2022/texmf-dist/fonts/type1/public/cm-super/sft
t0800.pfb><c:/texlive/2022/texmf-dist/fonts/type1/public/cm-super/sftt1000.pfb>
<c:/texlive/2022/texmf-dist/fonts/type1/public/stix/stix-mathbb.pfb><c:/texlive
/2022/texmf-dist/fonts/type1/public/stix/stix-mathcal.pfb><c:/texlive/2022/texm
f-dist/fonts/type1/public/stix/stix-mathex.pfb><c:/texlive/2022/texmf-dist/font
s/type1/public/stix/stix-mathit.pfb><c:/texlive/2022/texmf-dist/fonts/type1/pub
lic/stix/stix-mathrm-bold.pfb><c:/texlive/2022/texmf-dist/fonts/type1/public/st
ix/stix-mathrm.pfb><c:/texlive/2022/texmf-dist/fonts/type1/public/stix/stix-mat
hscr.pfb><c:/texlive/2022/texmf-dist/fonts/type1/public/stix/stix-mathsf.pfb>
Output written on main.pdf (19 pages, 6920239 bytes).
PDF statistics:
 439 PDF objects out of 1000 (max. 8388607)
 366 compressed objects within 4 object streams
 133 named destinations out of 1000 (max. 500000)
 46 words of extra memory for PDF output out of 10000 (max. 10000000)

